<?xml version="1.0" encoding="UTF-8"?>
<!-- Generated by org.testng.reporters.JUnitXMLReporter -->
<testsuite hostname="DESKTOP-KS460FU" ignored="0" name="WayTwoAutomation" tests="4" failures="0" timestamp="2019-12-25T23:54:25 IST" time="32.145" errors="0">
  <testcase name="launchBrowser" time="19.505" classname="com.way2automationsitedemo.WayTwoAutomation"/>
  <testcase name="launchApplication" time="6.612" classname="com.way2automationsitedemo.WayTwoAutomation"/>
  <testcase name="signInApp" time="5.228" classname="com.way2automationsitedemo.WayTwoAutomation"/>
  <testcase name="closeBrowser" time="0.595" classname="com.way2automationsitedemo.WayTwoAutomation"/>
</testsuite> <!-- WayTwoAutomation -->
