<?xml version="1.0" encoding="UTF-8"?>
<!-- Generated by org.testng.reporters.JUnitXMLReporter -->
<testsuite hostname="DESKTOP-KS460FU" ignored="0" name="Default test" tests="4" failures="0" timestamp="2020-01-02T20:27:31 IST" time="26.012" errors="0">
  <testcase name="launchBrowser" time="17.271" classname="com.way2automationsitedemo.WayTwoAutomation"/>
  <testcase name="launchApplication" time="5.684" classname="com.way2automationsitedemo.WayTwoAutomation"/>
  <testcase name="signInApp" time="2.406" classname="com.way2automationsitedemo.WayTwoAutomation"/>
  <testcase name="closeBrowser" time="0.462" classname="com.way2automationsitedemo.WayTwoAutomation"/>
</testsuite> <!-- Default test -->
