<?xml version="1.0" encoding="UTF-8"?>
<!-- Generated by org.testng.reporters.JUnitXMLReporter -->
<testsuite hostname="DESKTOP-KS460FU" ignored="0" name="Default test" tests="4" failures="0" timestamp="2019-12-25T23:20:51 IST" time="48.888" errors="0">
  <testcase name="launchBrowser" time="17.516" classname="com.way2automationsitedemo.WayTwoAutomation"/>
  <testcase name="launchApplication" time="28.621" classname="com.way2automationsitedemo.WayTwoAutomation"/>
  <testcase name="signInApp" time="2.031" classname="com.way2automationsitedemo.WayTwoAutomation"/>
  <testcase name="closeBrowser" time="0.572" classname="com.way2automationsitedemo.WayTwoAutomation"/>
</testsuite> <!-- Default test -->
