<?xml version="1.0" encoding="UTF-8"?>
<testsuite xmlns:xsi="http://www.w3.org/2001/XMLSchema-instance" xsi:noNamespaceSchemaLocation="https://maven.apache.org/surefire/maven-surefire-plugin/xsd/surefire-test-report-3.0.xsd" version="3.0" name="TestSuite" time="48.421" tests="7" errors="0" skipped="0" failures="0">
  <properties>
[...]
</properties>
  <testcase name="launchBrowser" classname="com.way2automationsitedemo.WayTwoAutomation" time="10.089"/>
  <testcase name="launchApplication" classname="com.way2automationsitedemo.WayTwoAutomation" time="5.903"/>
  <testcase name="signInApp" classname="com.way2automationsitedemo.WayTwoAutomation" time="0.811"/>
  <testcase name="closeBrowser" classname="com.way2automationsitedemo.WayTwoAutomation" time="0.14"/>
  <testcase name="launchBrowser" classname="com.toolsqademosite.ToolsQADemo" time="13.415"/>
  <testcase name="Resizable" classname="com.toolsqademosite.ToolsQADemo" time="16.129"/>
  <testcase name="terminateBrowser" classname="com.toolsqademosite.ToolsQADemo" time="0.113"/>
</testsuite>