<?xml version="1.0" encoding="UTF-8"?>
<testng-results skipped="0" failed="0" ignored="0" total="4" passed="4">
  <reporter-output>
  </reporter-output>
  <suite name="RegressionSuite" duration-ms="39777" started-at="2019-12-26T22:28:10 IST" finished-at="2019-12-26T22:28:50 IST">
    <groups>
    </groups>
    <test name="WayTwoAutomation" duration-ms="39777" started-at="2019-12-26T22:28:10 IST" finished-at="2019-12-26T22:28:50 IST">
      <class name="com.way2automationsitedemo.WayTwoAutomation">
        <test-method status="PASS" signature="launchBrowser()[pri:0, instance:com.way2automationsitedemo.WayTwoAutomation@f6c48ac]" name="launchBrowser" duration-ms="17748" started-at="2019-12-26T22:28:11 IST" finished-at="2019-12-26T22:28:28 IST">
          <reporter-output>
          </reporter-output>
        </test-method> <!-- launchBrowser -->
        <test-method status="PASS" signature="launchApplication()[pri:1, instance:com.way2automationsitedemo.WayTwoAutomation@f6c48ac]" name="launchApplication" duration-ms="18857" started-at="2019-12-26T22:28:28 IST" finished-at="2019-12-26T22:28:47 IST">
          <reporter-output>
          </reporter-output>
        </test-method> <!-- launchApplication -->
        <test-method status="PASS" signature="signInApp()[pri:2, instance:com.way2automationsitedemo.WayTwoAutomation@f6c48ac]" name="signInApp" duration-ms="2843" started-at="2019-12-26T22:28:47 IST" finished-at="2019-12-26T22:28:50 IST">
          <reporter-output>
          </reporter-output>
        </test-method> <!-- signInApp -->
        <test-method status="PASS" signature="closeBrowser()[pri:3, instance:com.way2automationsitedemo.WayTwoAutomation@f6c48ac]" name="closeBrowser" duration-ms="147" started-at="2019-12-26T22:28:50 IST" finished-at="2019-12-26T22:28:50 IST">
          <reporter-output>
          </reporter-output>
        </test-method> <!-- closeBrowser -->
      </class> <!-- com.way2automationsitedemo.WayTwoAutomation -->
    </test> <!-- WayTwoAutomation -->
  </suite> <!-- RegressionSuite -->
</testng-results>
