<?xml version="1.0" encoding="UTF-8"?>
<testng-results skipped="0" failed="0" ignored="0" total="4" passed="4">
  <reporter-output>
  </reporter-output>
  <suite name="RegressionSuite" duration-ms="43323" started-at="2019-12-28T01:11:58 IST" finished-at="2019-12-28T01:12:42 IST">
    <groups>
    </groups>
    <test name="WayTwoAutomation" duration-ms="43323" started-at="2019-12-28T01:11:58 IST" finished-at="2019-12-28T01:12:42 IST">
      <class name="com.way2automationsitedemo.WayTwoAutomation">
        <test-method status="PASS" signature="launchBrowser()[pri:0, instance:com.way2automationsitedemo.WayTwoAutomation@f6c48ac]" name="launchBrowser" duration-ms="24705" started-at="2019-12-28T01:11:59 IST" finished-at="2019-12-28T01:12:23 IST">
          <reporter-output>
          </reporter-output>
        </test-method> <!-- launchBrowser -->
        <test-method status="PASS" signature="launchApplication()[pri:1, instance:com.way2automationsitedemo.WayTwoAutomation@f6c48ac]" name="launchApplication" duration-ms="16231" started-at="2019-12-28T01:12:23 IST" finished-at="2019-12-28T01:12:40 IST">
          <reporter-output>
          </reporter-output>
        </test-method> <!-- launchApplication -->
        <test-method status="PASS" signature="signInApp()[pri:2, instance:com.way2automationsitedemo.WayTwoAutomation@f6c48ac]" name="signInApp" duration-ms="2068" started-at="2019-12-28T01:12:40 IST" finished-at="2019-12-28T01:12:42 IST">
          <reporter-output>
          </reporter-output>
        </test-method> <!-- signInApp -->
        <test-method status="PASS" signature="closeBrowser()[pri:3, instance:com.way2automationsitedemo.WayTwoAutomation@f6c48ac]" name="closeBrowser" duration-ms="96" started-at="2019-12-28T01:12:42 IST" finished-at="2019-12-28T01:12:42 IST">
          <reporter-output>
          </reporter-output>
        </test-method> <!-- closeBrowser -->
      </class> <!-- com.way2automationsitedemo.WayTwoAutomation -->
    </test> <!-- WayTwoAutomation -->
  </suite> <!-- RegressionSuite -->
</testng-results>
