<?xml version="1.0" encoding="UTF-8"?>
<!-- Generated by org.testng.reporters.JUnitXMLReporter -->
<testsuite hostname="DESKTOP-KS460FU" ignored="0" name="WayTwoAutomation" tests="4" failures="0" timestamp="2019-12-26T22:28:50 IST" time="39.777" errors="0">
  <testcase name="launchBrowser" time="17.748" classname="com.way2automationsitedemo.WayTwoAutomation"/>
  <testcase name="launchApplication" time="18.857" classname="com.way2automationsitedemo.WayTwoAutomation"/>
  <testcase name="signInApp" time="2.843" classname="com.way2automationsitedemo.WayTwoAutomation"/>
  <testcase name="closeBrowser" time="0.147" classname="com.way2automationsitedemo.WayTwoAutomation"/>
</testsuite> <!-- WayTwoAutomation -->
