<?xml version="1.0" encoding="UTF-8"?>
<testng-results skipped="0" failed="0" ignored="0" total="4" passed="4">
  <reporter-output>
  </reporter-output>
  <suite name="RegressionSuite" duration-ms="32145" started-at="2019-12-25T23:53:50 IST" finished-at="2019-12-25T23:54:22 IST">
    <groups>
    </groups>
    <test name="WayTwoAutomation" duration-ms="32145" started-at="2019-12-25T23:53:50 IST" finished-at="2019-12-25T23:54:22 IST">
      <class name="com.way2automationsitedemo.WayTwoAutomation">
        <test-method status="PASS" signature="launchBrowser()[pri:0, instance:com.way2automationsitedemo.WayTwoAutomation@65e2dbf3]" name="launchBrowser" duration-ms="19505" started-at="2019-12-25T23:53:50 IST" finished-at="2019-12-25T23:54:10 IST">
          <reporter-output>
          </reporter-output>
        </test-method> <!-- launchBrowser -->
        <test-method status="PASS" signature="launchApplication()[pri:1, instance:com.way2automationsitedemo.WayTwoAutomation@65e2dbf3]" name="launchApplication" duration-ms="6612" started-at="2019-12-25T23:54:10 IST" finished-at="2019-12-25T23:54:16 IST">
          <reporter-output>
          </reporter-output>
        </test-method> <!-- launchApplication -->
        <test-method status="PASS" signature="signInApp()[pri:2, instance:com.way2automationsitedemo.WayTwoAutomation@65e2dbf3]" name="signInApp" duration-ms="5228" started-at="2019-12-25T23:54:16 IST" finished-at="2019-12-25T23:54:22 IST">
          <reporter-output>
          </reporter-output>
        </test-method> <!-- signInApp -->
        <test-method status="PASS" signature="closeBrowser()[pri:3, instance:com.way2automationsitedemo.WayTwoAutomation@65e2dbf3]" name="closeBrowser" duration-ms="595" started-at="2019-12-25T23:54:22 IST" finished-at="2019-12-25T23:54:22 IST">
          <reporter-output>
          </reporter-output>
        </test-method> <!-- closeBrowser -->
      </class> <!-- com.way2automationsitedemo.WayTwoAutomation -->
    </test> <!-- WayTwoAutomation -->
  </suite> <!-- RegressionSuite -->
</testng-results>
